<?xml version="1.0" encoding="UTF-8"?>
<!-- Generated by org.testng.reporters.JUnitReportReporter -->
<testsuite hostname="Ravishankar" failures="0" tests="1" name="com.hms.Hospital_Management_System2.DoctorVarification" time="2.570" errors="0" timestamp="2023-05-30T10:19:03 IST" skipped="0">
  <testcase classname="com.hms.Hospital_Management_System2.DoctorVarification" name="doctorVarification" time="2.570"/>
  <system-out>
    <![CDATA[Hospital_Management_System web applications home page is displayed.
Edit doctor page is displayed.
TestCase passed.]]>
  </system-out>
</testsuite> <!-- com.hms.Hospital_Management_System2.DoctorVarification -->
