<?xml version="1.0" encoding="UTF-8"?>
<!-- Generated by org.testng.reporters.JUnitReportReporter -->
<testsuite hostname="Ravishankar" failures="0" tests="1" name="com.hms.Hospital_Management_System.ExecutionWithBaseClass.CreateDoctorAndBookingAppointment" time="4.331" errors="0" timestamp="2023-05-29T14:49:49 IST" skipped="0">
  <testcase classname="com.hms.Hospital_Management_System.ExecutionWithBaseClass.CreateDoctorAndBookingAppointment" name="createDoctorAndBookingAppointment" time="4.331"/>
  <system-out>
    <![CDATA[Hospital_Management_System web applications home page is displayed.
Admin Login page is displayed.
Admin dashboard page is displayed.
Doctors specialization page is displayed.
Doctor Specialization added successfully. and message have came.
Doctor Specialization added successfully. Showing On the List of Specialization.
Add doctor page is displayed.
Alert has came. Doctor Added successfully.
Hospital_Management_System web applications home page is displayed.
Patient login page is displayed.
Test case passed]]>
  </system-out>
</testsuite> <!-- com.hms.Hospital_Management_System.ExecutionWithBaseClass.CreateDoctorAndBookingAppointment -->
