<?xml version="1.0" encoding="UTF-8"?>
<!-- Generated by org.testng.reporters.JUnitReportReporter -->
<testsuite hostname="Ravishankar" failures="0" tests="1" name="com.hms.Hospital_Management_System.ExecutionWithBaseClass.BookAppointmentCancelAppointment" time="2.338" errors="0" timestamp="2023-05-29T14:49:49 IST" skipped="0">
  <testcase classname="com.hms.Hospital_Management_System.ExecutionWithBaseClass.BookAppointmentCancelAppointment" name="bookAppointmentCancelAppointment" time="2.338"/>
  <system-out>
    <![CDATA[Hospital_Management_System web applications home page is displayed.
Booking appionment is displayed
Hospital_Management_System web applications home page is displayed.
Test case passed]]>
  </system-out>
</testsuite> <!-- com.hms.Hospital_Management_System.ExecutionWithBaseClass.BookAppointmentCancelAppointment -->
