<?xml version="1.0" encoding="UTF-8"?>
<!-- Generated by org.testng.reporters.JUnitReportReporter -->
<testsuite hostname="Ravishankar" failures="0" tests="1" name="com.hms.Hospital_Management_System.ExecutionWithBaseClass.UpdateDoctor" time="5.805" errors="0" timestamp="2023-05-26T16:02:04 IST" skipped="0">
  <testcase classname="com.hms.Hospital_Management_System.ExecutionWithBaseClass.UpdateDoctor" name="updateDoctor" time="5.805"/>
  <system-out>
    <![CDATA[Hospital_Management_System web applications home page is displayed.
Edit doctor page is displayed.
Test case passed.]]>
  </system-out>
</testsuite> <!-- com.hms.Hospital_Management_System.ExecutionWithBaseClass.UpdateDoctor -->
