<?xml version="1.0" encoding="UTF-8"?>
<!-- Generated by org.testng.reporters.JUnitReportReporter -->
<testsuite hostname="Ravishankar" failures="0" tests="1" name="com.hms.Hospital_Management_System.ExecutionWithBaseClass.DoctorLogIn" time="1.183" errors="0" timestamp="2023-05-29T14:49:49 IST" skipped="0">
  <testcase classname="com.hms.Hospital_Management_System.ExecutionWithBaseClass.DoctorLogIn" name="doctorLogIn" time="1.183"/>
  <system-out>
    <![CDATA[Hospital_Management_System web applications home page is displayed.
Test case passed.]]>
  </system-out>
</testsuite> <!-- com.hms.Hospital_Management_System.ExecutionWithBaseClass.DoctorLogIn -->
